2018-05-20 01:34:02,974 - INFO - Rover arrestato
2018-05-20 01:42:30,226 - INFO - Valutazione - L:0.08m C:0.16m R:0.09m
2018-05-20 01:42:30,227 - INFO - Direzione presa: AVANTI
2018-05-20 01:42:31,236 - INFO - Valutazione - L:0.22m C:0.22m R:0.23m
2018-05-20 01:42:31,237 - INFO - Direzione presa: DESTRA
2018-05-20 01:42:32,577 - INFO - Valutazione - L:1.98m C:1.98m R:1.98m
2018-05-20 01:42:32,577 - INFO - Direzione presa: DESTRA
2018-05-20 01:42:33,890 - INFO - Valutazione - L:0.61m C:0.60m R:0.10m
2018-05-20 01:42:33,891 - INFO - Direzione presa: SINISTRA
2018-05-20 01:42:35,207 - INFO - Valutazione - L:0.64m C:0.63m R:0.64m
2018-05-20 01:42:35,208 - INFO - Direzione presa: DESTRA
2018-05-20 01:42:36,517 - INFO - Valutazione - L:0.10m C:0.27m R:0.44m
2018-05-20 01:42:36,518 - INFO - Direzione presa: DESTRA
2018-05-20 01:42:37,831 - INFO - Valutazione - L:0.43m C:0.43m R:0.42m
2018-05-20 01:42:37,832 - INFO - Direzione presa: AVANTI
2018-05-20 01:42:38,844 - INFO - Valutazione - L:0.45m C:0.44m R:0.43m
2018-05-20 01:42:38,845 - INFO - Direzione presa: SINISTRA
2018-05-20 01:42:40,156 - INFO - Valutazione - L:0.39m C:0.39m R:0.39m
2018-05-20 01:42:40,157 - INFO - Direzione presa: SINISTRA
2018-05-20 01:42:41,484 - INFO - Valutazione - L:1.27m C:1.20m R:1.25m
2018-05-20 01:42:41,485 - INFO - Direzione presa: SINISTRA
2018-05-20 01:42:44,493 - INFO - Valutazione - L:0.05m C:0.06m R:0.07m
2018-05-20 01:42:44,494 - INFO - Direzione presa: DESTRA
2018-05-20 01:42:46,900 - INFO - Valutazione - L:0.04m C:0.05m R:0.07m
2018-05-20 01:42:46,901 - INFO - Direzione presa: DESTRA
2018-05-20 01:42:49,325 - INFO - Valutazione - L:1.09m C:1.07m R:1.06m
2018-05-20 01:42:49,326 - INFO - Direzione presa: SINISTRA
2018-05-20 01:42:50,644 - INFO - Valutazione - L:0.73m C:0.73m R:0.73m
2018-05-20 01:42:50,656 - INFO - Direzione presa: SINISTRA
2018-05-20 01:42:51,965 - INFO - Valutazione - L:0.22m C:0.23m R:0.22m
2018-05-20 01:42:51,966 - INFO - Direzione presa: AVANTI
2018-05-20 01:42:54,489 - INFO - Valutazione - L:1.09m C:1.03m R:1.06m
2018-05-20 01:42:54,490 - INFO - Direzione presa: SINISTRA
2018-05-20 01:42:55,887 - INFO - Valutazione - L:15.44m C:0.17m R:0.16m
2018-05-20 01:42:55,888 - INFO - Direzione presa: SINISTRA
2018-05-20 01:42:57,360 - INFO - Valutazione - L:1.14m C:21.52m R:1.05m
2018-05-20 01:42:57,361 - INFO - Direzione presa: AVANTI
2018-05-20 01:42:58,373 - INFO - Valutazione - L:0.08m C:1.35m R:0.08m
2018-05-20 01:42:58,374 - INFO - Direzione presa: AVANTI
2018-05-20 01:42:59,397 - INFO - Valutazione - L:1.04m C:1.04m R:1.05m
2018-05-20 01:42:59,398 - INFO - Direzione presa: DESTRA
2018-05-20 01:43:00,730 - INFO - Valutazione - L:1.05m C:1.79m R:1.77m
2018-05-20 01:43:00,731 - INFO - Direzione presa: AVANTI
2018-05-20 01:43:01,749 - INFO - Valutazione - L:0.61m C:1.17m R:0.59m
2018-05-20 01:43:01,750 - INFO - Direzione presa: AVANTI
2018-05-20 01:43:02,771 - INFO - Valutazione - L:0.60m C:0.58m R:1.72m
2018-05-20 01:43:02,772 - INFO - Direzione presa: DESTRA
2018-05-20 01:43:04,098 - INFO - Valutazione - L:1.30m C:1.28m R:1.03m
2018-05-20 01:43:04,099 - INFO - Direzione presa: SINISTRA
2018-05-20 01:43:05,405 - INFO - Valutazione - L:0.05m C:0.07m R:0.07m
2018-05-20 01:43:05,406 - INFO - Direzione presa: DESTRA
2018-05-20 01:43:06,719 - INFO - Valutazione - L:0.60m C:0.47m R:0.46m
2018-05-20 01:43:06,720 - INFO - Direzione presa: SINISTRA
2018-05-20 01:43:09,645 - INFO - Valutazione - L:1.04m C:1.04m R:1.03m
2018-05-20 01:43:09,646 - INFO - Direzione presa: SINISTRA
2018-05-20 01:43:10,963 - INFO - Valutazione - L:0.73m C:0.74m R:0.75m
2018-05-20 01:43:10,964 - INFO - Direzione presa: DESTRA
2018-05-20 01:43:12,303 - INFO - Valutazione - L:2.59m C:2.58m R:0.72m
2018-05-20 01:43:12,304 - INFO - Direzione presa: SINISTRA
2018-05-20 01:43:13,620 - INFO - Valutazione - L:0.64m C:0.65m R:0.64m
2018-05-20 01:43:13,621 - INFO - Direzione presa: AVANTI
2018-05-20 01:43:14,637 - INFO - Valutazione - L:0.64m C:0.64m R:0.65m
2018-05-20 01:43:14,638 - INFO - Direzione presa: DESTRA
2018-05-20 01:43:15,971 - INFO - Valutazione - L:2.03m C:1.54m R:1.28m
2018-05-20 01:43:15,972 - INFO - Direzione presa: SINISTRA
2018-05-20 01:43:17,293 - INFO - Valutazione - L:0.71m C:0.68m R:1.30m
2018-05-20 01:43:17,294 - INFO - Direzione presa: DESTRA
2018-05-20 01:43:19,808 - INFO - Valutazione - L:0.48m C:0.49m R:0.48m
2018-05-20 01:43:19,809 - INFO - Direzione presa: AVANTI
2018-05-20 01:43:20,822 - INFO - Valutazione - L:0.49m C:0.50m R:0.50m
2018-05-20 01:43:20,823 - INFO - Direzione presa: DESTRA
2018-05-20 01:43:23,243 - INFO - Valutazione - L:0.48m C:1.52m R:0.48m
2018-05-20 01:43:23,243 - INFO - Direzione presa: AVANTI
2018-05-20 01:43:25,363 - INFO - Valutazione - L:0.48m C:1.54m R:0.47m
2018-05-20 01:43:25,364 - INFO - Direzione presa: AVANTI
2018-05-20 01:43:27,471 - INFO - Valutazione - L:0.19m C:0.19m R:0.20m
2018-05-20 01:43:27,472 - INFO - Direzione presa: DESTRA
2018-05-20 01:43:30,906 - INFO - Valutazione - L:0.04m C:21.52m R:0.05m
2018-05-20 01:43:30,907 - INFO - Direzione presa: AVANTI
2018-05-20 01:43:33,012 - INFO - Valutazione - L:0.10m C:0.12m R:0.10m
2018-05-20 01:43:33,013 - INFO - Direzione presa: AVANTI
2018-05-20 01:43:34,022 - INFO - Valutazione - L:0.25m C:0.24m R:0.25m
2018-05-20 01:43:34,023 - INFO - Direzione presa: DESTRA
2018-05-20 01:43:35,333 - INFO - Valutazione - L:0.30m C:0.31m R:0.29m
2018-05-20 01:43:35,333 - INFO - Direzione presa: AVANTI
2018-05-20 01:43:36,343 - INFO - Valutazione - L:0.30m C:0.35m R:0.29m
2018-05-20 01:43:36,349 - INFO - Direzione presa: AVANTI
2018-05-20 01:43:37,359 - INFO - Valutazione - L:0.32m C:0.29m R:0.33m
2018-05-20 01:43:37,360 - INFO - Direzione presa: DESTRA
2018-05-20 01:43:38,792 - INFO - Valutazione - L:21.52m C:0.05m R:0.07m
2018-05-20 01:43:38,792 - INFO - Direzione presa: SINISTRA
2018-05-20 01:43:40,097 - INFO - Valutazione - L:0.03m C:0.05m R:0.05m
2018-05-20 01:43:40,098 - INFO - Direzione presa: AVANTI
2018-05-20 01:43:41,103 - INFO - Valutazione - L:0.03m C:0.06m R:0.04m
2018-05-20 01:43:41,104 - INFO - Direzione presa: AVANTI
2018-05-20 01:43:42,109 - INFO - Valutazione - L:0.03m C:0.05m R:0.05m
2018-05-20 01:43:42,117 - INFO - Direzione presa: DESTRA
2018-05-20 01:43:43,550 - INFO - Valutazione - L:21.55m C:0.09m R:0.09m
2018-05-20 01:43:43,550 - INFO - Direzione presa: SINISTRA
2018-05-20 01:43:44,983 - INFO - Valutazione - L:21.54m C:0.06m R:0.08m
2018-05-20 01:43:44,984 - INFO - Direzione presa: SINISTRA
2018-05-20 01:43:46,291 - INFO - Valutazione - L:0.03m C:0.04m R:0.05m
2018-05-20 01:43:46,293 - INFO - Direzione presa: DESTRA
2018-05-20 01:43:47,855 - INFO - Valutazione - L:21.66m C:21.68m R:0.12m
2018-05-20 01:43:47,856 - INFO - Direzione presa: AVANTI
2018-05-20 01:43:48,987 - INFO - Valutazione - L:21.54m C:0.06m R:0.06m
2018-05-20 01:43:48,988 - INFO - Direzione presa: SINISTRA
2018-05-20 01:43:50,311 - INFO - Valutazione - L:1.13m C:1.04m R:1.08m
2018-05-20 01:43:50,312 - INFO - Direzione presa: SINISTRA
2018-05-20 01:43:51,635 - INFO - Valutazione - L:1.12m C:1.02m R:1.04m
2018-05-20 01:43:51,636 - INFO - Direzione presa: SINISTRA
2018-05-20 01:43:52,950 - INFO - Valutazione - L:1.16m C:0.16m R:0.17m
2018-05-20 01:43:52,955 - INFO - Direzione presa: SINISTRA
2018-05-20 01:43:54,278 - INFO - Valutazione - L:1.85m C:0.68m R:0.65m
2018-05-20 01:43:54,279 - INFO - Direzione presa: SINISTRA
2018-05-20 01:43:56,786 - INFO - Valutazione - L:0.07m C:0.08m R:0.07m
2018-05-20 01:43:56,787 - INFO - Direzione presa: AVANTI
2018-05-20 01:43:57,799 - INFO - Valutazione - L:0.42m C:0.42m R:0.41m
2018-05-20 01:43:57,800 - INFO - Direzione presa: SINISTRA
2018-05-20 01:43:59,108 - INFO - Valutazione - L:0.17m C:0.18m R:0.16m
2018-05-20 01:43:59,108 - INFO - Direzione presa: AVANTI
2018-05-20 01:44:01,514 - INFO - Valutazione - L:0.08m C:0.09m R:0.09m
2018-05-20 01:44:01,516 - INFO - Direzione presa: AVANTI
2018-05-20 01:44:02,901 - INFO - Valutazione - L:21.56m C:21.54m R:21.56m
2018-05-20 01:44:02,901 - INFO - Direzione presa: SINISTRA
2018-05-20 01:44:04,345 - INFO - Valutazione - L:21.60m C:1.07m R:1.05m
2018-05-20 01:44:04,354 - INFO - Direzione presa: SINISTRA
2018-05-20 01:44:05,687 - INFO - Valutazione - L:1.63m C:1.63m R:1.63m
2018-05-20 01:44:05,688 - INFO - Direzione presa: SINISTRA
2018-05-20 01:44:06,997 - INFO - Valutazione - L:0.24m C:0.24m R:0.25m
2018-05-20 01:44:06,998 - INFO - Direzione presa: DESTRA
2018-05-20 01:44:08,318 - INFO - Valutazione - L:0.87m C:0.88m R:0.88m
2018-05-20 01:44:08,319 - INFO - Direzione presa: DESTRA
2018-05-20 01:44:09,631 - INFO - Valutazione - L:0.42m C:0.42m R:0.41m
2018-05-20 01:44:09,637 - INFO - Direzione presa: AVANTI
2018-05-20 01:44:12,466 - INFO - Valutazione - L:1.52m C:1.11m R:1.51m
2018-05-20 01:44:12,467 - INFO - Direzione presa: SINISTRA
2018-05-20 01:44:13,920 - INFO - Valutazione - L:2.26m C:21.49m R:1.42m
2018-05-20 01:44:13,921 - INFO - Direzione presa: AVANTI
2018-05-20 01:44:14,943 - INFO - Valutazione - L:1.05m C:1.04m R:1.01m
2018-05-20 01:44:14,953 - INFO - Direzione presa: SINISTRA
2018-05-20 01:44:16,278 - INFO - Valutazione - L:1.12m C:1.14m R:1.13m
2018-05-20 01:44:16,279 - INFO - Direzione presa: AVANTI
2018-05-20 01:44:17,303 - INFO - Valutazione - L:1.12m C:1.10m R:1.19m
2018-05-20 01:44:17,304 - INFO - Direzione presa: DESTRA
2018-05-20 01:44:18,623 - INFO - Valutazione - L:0.85m C:0.84m R:0.84m
2018-05-20 01:44:18,624 - INFO - Direzione presa: SINISTRA
2018-05-20 01:44:19,951 - INFO - Valutazione - L:1.91m C:0.55m R:1.25m
2018-05-20 01:44:19,961 - INFO - Direzione presa: SINISTRA
2018-05-20 01:44:21,283 - INFO - Valutazione - L:1.43m C:0.54m R:0.98m
2018-05-20 01:44:21,284 - INFO - Direzione presa: SINISTRA
2018-05-20 01:44:22,609 - INFO - Valutazione - L:1.51m C:1.45m R:0.54m
2018-05-20 01:44:22,610 - INFO - Direzione presa: SINISTRA
2018-05-20 01:44:23,107 - INFO - Rover arrestato
